2023-12-02 20:31:37,952 [INFO] [31m[1mWARNING: This is a development server. Do not use it in a production deployment. Use a production WSGI server instead.[0m
 * Running on http://127.0.0.1:5000
2023-12-02 20:31:37,954 [INFO] [33mPress CTRL+C to quit[0m
2023-12-02 21:25:04,373 [INFO] [31m[1mWARNING: This is a development server. Do not use it in a production deployment. Use a production WSGI server instead.[0m
 * Running on http://127.0.0.1:5000
2023-12-02 21:25:04,374 [INFO] [33mPress CTRL+C to quit[0m
2023-12-02 21:25:24,831 [INFO] 127.0.0.1 - - [02/Dec/2023 21:25:24] "GET /swagger HTTP/1.1" 200 -
2023-12-02 21:25:25,099 [INFO] 127.0.0.1 - - [02/Dec/2023 21:25:25] "GET /swaggerui/droid-sans.css HTTP/1.1" 200 -
2023-12-02 21:25:25,144 [INFO] 127.0.0.1 - - [02/Dec/2023 21:25:25] "GET /swaggerui/swagger-ui-bundle.js HTTP/1.1" 200 -
2023-12-02 21:25:25,144 [INFO] 127.0.0.1 - - [02/Dec/2023 21:25:25] "GET /swaggerui/swagger-ui.css HTTP/1.1" 200 -
2023-12-02 21:25:25,146 [INFO] 127.0.0.1 - - [02/Dec/2023 21:25:25] "GET /swaggerui/swagger-ui-standalone-preset.js HTTP/1.1" 200 -
2023-12-02 21:25:25,352 [INFO] 127.0.0.1 - - [02/Dec/2023 21:25:25] "GET /swagger.json HTTP/1.1" 200 -
2023-12-02 21:25:25,658 [INFO] 127.0.0.1 - - [02/Dec/2023 21:25:25] "GET /swaggerui/favicon-32x32.png HTTP/1.1" 200 -
2023-12-02 21:25:31,361 [INFO] 127.0.0.1 - - [02/Dec/2023 21:25:31] "GET /ping HTTP/1.1" 200 -
2023-12-02 21:25:44,317 [ERROR] Exception on /users [GET]
Traceback (most recent call last):
  File "C:\Users\tgs1003\anaconda3\Lib\site-packages\sqlalchemy\engine\base.py", line 145, in __init__
    self._dbapi_connection = engine.raw_connection()
                             ^^^^^^^^^^^^^^^^^^^^^^^
  File "C:\Users\tgs1003\anaconda3\Lib\site-packages\sqlalchemy\engine\base.py", line 3288, in raw_connection
    return self.pool.connect()
           ^^^^^^^^^^^^^^^^^^^
  File "C:\Users\tgs1003\anaconda3\Lib\site-packages\sqlalchemy\pool\base.py", line 452, in connect
    return _ConnectionFairy._checkout(self)
           ^^^^^^^^^^^^^^^^^^^^^^^^^^^^^^^^
  File "C:\Users\tgs1003\anaconda3\Lib\site-packages\sqlalchemy\pool\base.py", line 1267, in _checkout
    fairy = _ConnectionRecord.checkout(pool)
            ^^^^^^^^^^^^^^^^^^^^^^^^^^^^^^^^
  File "C:\Users\tgs1003\anaconda3\Lib\site-packages\sqlalchemy\pool\base.py", line 716, in checkout
    rec = pool._do_get()
          ^^^^^^^^^^^^^^
  File "C:\Users\tgs1003\anaconda3\Lib\site-packages\sqlalchemy\pool\impl.py", line 169, in _do_get
    with util.safe_reraise():
  File "C:\Users\tgs1003\anaconda3\Lib\site-packages\sqlalchemy\util\langhelpers.py", line 146, in __exit__
    raise exc_value.with_traceback(exc_tb)
  File "C:\Users\tgs1003\anaconda3\Lib\site-packages\sqlalchemy\pool\impl.py", line 167, in _do_get
    return self._create_connection()
           ^^^^^^^^^^^^^^^^^^^^^^^^^
  File "C:\Users\tgs1003\anaconda3\Lib\site-packages\sqlalchemy\pool\base.py", line 393, in _create_connection
    return _ConnectionRecord(self)
           ^^^^^^^^^^^^^^^^^^^^^^^
  File "C:\Users\tgs1003\anaconda3\Lib\site-packages\sqlalchemy\pool\base.py", line 678, in __init__
    self.__connect()
  File "C:\Users\tgs1003\anaconda3\Lib\site-packages\sqlalchemy\pool\base.py", line 902, in __connect
    with util.safe_reraise():
  File "C:\Users\tgs1003\anaconda3\Lib\site-packages\sqlalchemy\util\langhelpers.py", line 146, in __exit__
    raise exc_value.with_traceback(exc_tb)
  File "C:\Users\tgs1003\anaconda3\Lib\site-packages\sqlalchemy\pool\base.py", line 898, in __connect
    self.dbapi_connection = connection = pool._invoke_creator(self)
                                         ^^^^^^^^^^^^^^^^^^^^^^^^^^
  File "C:\Users\tgs1003\anaconda3\Lib\site-packages\sqlalchemy\engine\create.py", line 637, in connect
    return dialect.connect(*cargs, **cparams)
           ^^^^^^^^^^^^^^^^^^^^^^^^^^^^^^^^^^
  File "C:\Users\tgs1003\anaconda3\Lib\site-packages\sqlalchemy\engine\default.py", line 615, in connect
    return self.loaded_dbapi.connect(*cargs, **cparams)
           ^^^^^^^^^^^^^^^^^^^^^^^^^^^^^^^^^^^^^^^^^^^^
  File "C:\Users\tgs1003\anaconda3\Lib\site-packages\psycopg2\__init__.py", line 122, in connect
    conn = _connect(dsn, connection_factory=connection_factory, **kwasync)
           ^^^^^^^^^^^^^^^^^^^^^^^^^^^^^^^^^^^^^^^^^^^^^^^^^^^^^^^^^^^^^^^
psycopg2.OperationalError: connection to server at "localhost" (::1), port 5432 failed: Connection refused (0x0000274D/10061)
	Is the server running on that host and accepting TCP/IP connections?
connection to server at "localhost" (127.0.0.1), port 5432 failed: Connection refused (0x0000274D/10061)
	Is the server running on that host and accepting TCP/IP connections?


The above exception was the direct cause of the following exception:

Traceback (most recent call last):
  File "C:\Users\tgs1003\anaconda3\Lib\site-packages\flask\app.py", line 1484, in full_dispatch_request
    rv = self.dispatch_request()
         ^^^^^^^^^^^^^^^^^^^^^^^
  File "C:\Users\tgs1003\anaconda3\Lib\site-packages\flask\app.py", line 1469, in dispatch_request
    return self.ensure_sync(self.view_functions[rule.endpoint])(**view_args)
           ^^^^^^^^^^^^^^^^^^^^^^^^^^^^^^^^^^^^^^^^^^^^^^^^^^^^^^^^^^^^^^^^^
  File "C:\Users\tgs1003\anaconda3\Lib\site-packages\flask_restx\api.py", line 404, in wrapper
    resp = resource(*args, **kwargs)
           ^^^^^^^^^^^^^^^^^^^^^^^^^
  File "C:\Users\tgs1003\anaconda3\Lib\site-packages\flask\views.py", line 109, in view
    return current_app.ensure_sync(self.dispatch_request)(**kwargs)
           ^^^^^^^^^^^^^^^^^^^^^^^^^^^^^^^^^^^^^^^^^^^^^^^^^^^^^^^^
  File "C:\Users\tgs1003\anaconda3\Lib\site-packages\flask_restx\resource.py", line 46, in dispatch_request
    resp = meth(*args, **kwargs)
           ^^^^^^^^^^^^^^^^^^^^^
  File "C:\Users\tgs1003\anaconda3\Lib\site-packages\flask_restx\marshalling.py", line 244, in wrapper
    resp = f(*args, **kwargs)
           ^^^^^^^^^^^^^^^^^^
  File "C:\Users\tgs1003\Documents\GitHub\TFG_2023_2024\Código\prompt_sentiment\backend\app\api\views\users.py", line 44, in get
    return get_all_users(), 200
           ^^^^^^^^^^^^^^^
  File "C:\Users\tgs1003\Documents\GitHub\TFG_2023_2024\Código\prompt_sentiment\backend\app\api\services\users.py", line 11, in get_all_users
    return User.query.all()
           ^^^^^^^^^^^^^^^^
  File "C:\Users\tgs1003\anaconda3\Lib\site-packages\sqlalchemy\orm\query.py", line 2688, in all
    return self._iter().all()  # type: ignore
           ^^^^^^^^^^^^
  File "C:\Users\tgs1003\anaconda3\Lib\site-packages\sqlalchemy\orm\query.py", line 2842, in _iter
    result: Union[ScalarResult[_T], Result[_T]] = self.session.execute(
                                                  ^^^^^^^^^^^^^^^^^^^^^
  File "C:\Users\tgs1003\anaconda3\Lib\site-packages\sqlalchemy\orm\session.py", line 2262, in execute
    return self._execute_internal(
           ^^^^^^^^^^^^^^^^^^^^^^^
  File "C:\Users\tgs1003\anaconda3\Lib\site-packages\sqlalchemy\orm\session.py", line 2134, in _execute_internal
    conn = self._connection_for_bind(bind)
           ^^^^^^^^^^^^^^^^^^^^^^^^^^^^^^^
  File "C:\Users\tgs1003\anaconda3\Lib\site-packages\sqlalchemy\orm\session.py", line 2001, in _connection_for_bind
    return trans._connection_for_bind(engine, execution_options)
           ^^^^^^^^^^^^^^^^^^^^^^^^^^^^^^^^^^^^^^^^^^^^^^^^^^^^^
  File "<string>", line 2, in _connection_for_bind
  File "C:\Users\tgs1003\anaconda3\Lib\site-packages\sqlalchemy\orm\state_changes.py", line 139, in _go
    ret_value = fn(self, *arg, **kw)
                ^^^^^^^^^^^^^^^^^^^^
  File "C:\Users\tgs1003\anaconda3\Lib\site-packages\sqlalchemy\orm\session.py", line 1126, in _connection_for_bind
    conn = bind.connect()
           ^^^^^^^^^^^^^^
  File "C:\Users\tgs1003\anaconda3\Lib\site-packages\sqlalchemy\engine\base.py", line 3264, in connect
    return self._connection_cls(self)
           ^^^^^^^^^^^^^^^^^^^^^^^^^^
  File "C:\Users\tgs1003\anaconda3\Lib\site-packages\sqlalchemy\engine\base.py", line 147, in __init__
    Connection._handle_dbapi_exception_noconnection(
  File "C:\Users\tgs1003\anaconda3\Lib\site-packages\sqlalchemy\engine\base.py", line 2426, in _handle_dbapi_exception_noconnection
    raise sqlalchemy_exception.with_traceback(exc_info[2]) from e
  File "C:\Users\tgs1003\anaconda3\Lib\site-packages\sqlalchemy\engine\base.py", line 145, in __init__
    self._dbapi_connection = engine.raw_connection()
                             ^^^^^^^^^^^^^^^^^^^^^^^
  File "C:\Users\tgs1003\anaconda3\Lib\site-packages\sqlalchemy\engine\base.py", line 3288, in raw_connection
    return self.pool.connect()
           ^^^^^^^^^^^^^^^^^^^
  File "C:\Users\tgs1003\anaconda3\Lib\site-packages\sqlalchemy\pool\base.py", line 452, in connect
    return _ConnectionFairy._checkout(self)
           ^^^^^^^^^^^^^^^^^^^^^^^^^^^^^^^^
  File "C:\Users\tgs1003\anaconda3\Lib\site-packages\sqlalchemy\pool\base.py", line 1267, in _checkout
    fairy = _ConnectionRecord.checkout(pool)
            ^^^^^^^^^^^^^^^^^^^^^^^^^^^^^^^^
  File "C:\Users\tgs1003\anaconda3\Lib\site-packages\sqlalchemy\pool\base.py", line 716, in checkout
    rec = pool._do_get()
          ^^^^^^^^^^^^^^
  File "C:\Users\tgs1003\anaconda3\Lib\site-packages\sqlalchemy\pool\impl.py", line 169, in _do_get
    with util.safe_reraise():
  File "C:\Users\tgs1003\anaconda3\Lib\site-packages\sqlalchemy\util\langhelpers.py", line 146, in __exit__
    raise exc_value.with_traceback(exc_tb)
  File "C:\Users\tgs1003\anaconda3\Lib\site-packages\sqlalchemy\pool\impl.py", line 167, in _do_get
    return self._create_connection()
           ^^^^^^^^^^^^^^^^^^^^^^^^^
  File "C:\Users\tgs1003\anaconda3\Lib\site-packages\sqlalchemy\pool\base.py", line 393, in _create_connection
    return _ConnectionRecord(self)
           ^^^^^^^^^^^^^^^^^^^^^^^
  File "C:\Users\tgs1003\anaconda3\Lib\site-packages\sqlalchemy\pool\base.py", line 678, in __init__
    self.__connect()
  File "C:\Users\tgs1003\anaconda3\Lib\site-packages\sqlalchemy\pool\base.py", line 902, in __connect
    with util.safe_reraise():
  File "C:\Users\tgs1003\anaconda3\Lib\site-packages\sqlalchemy\util\langhelpers.py", line 146, in __exit__
    raise exc_value.with_traceback(exc_tb)
  File "C:\Users\tgs1003\anaconda3\Lib\site-packages\sqlalchemy\pool\base.py", line 898, in __connect
    self.dbapi_connection = connection = pool._invoke_creator(self)
                                         ^^^^^^^^^^^^^^^^^^^^^^^^^^
  File "C:\Users\tgs1003\anaconda3\Lib\site-packages\sqlalchemy\engine\create.py", line 637, in connect
    return dialect.connect(*cargs, **cparams)
           ^^^^^^^^^^^^^^^^^^^^^^^^^^^^^^^^^^
  File "C:\Users\tgs1003\anaconda3\Lib\site-packages\sqlalchemy\engine\default.py", line 615, in connect
    return self.loaded_dbapi.connect(*cargs, **cparams)
           ^^^^^^^^^^^^^^^^^^^^^^^^^^^^^^^^^^^^^^^^^^^^
  File "C:\Users\tgs1003\anaconda3\Lib\site-packages\psycopg2\__init__.py", line 122, in connect
    conn = _connect(dsn, connection_factory=connection_factory, **kwasync)
           ^^^^^^^^^^^^^^^^^^^^^^^^^^^^^^^^^^^^^^^^^^^^^^^^^^^^^^^^^^^^^^^
sqlalchemy.exc.OperationalError: (psycopg2.OperationalError) connection to server at "localhost" (::1), port 5432 failed: Connection refused (0x0000274D/10061)
	Is the server running on that host and accepting TCP/IP connections?
connection to server at "localhost" (127.0.0.1), port 5432 failed: Connection refused (0x0000274D/10061)
	Is the server running on that host and accepting TCP/IP connections?

(Background on this error at: https://sqlalche.me/e/20/e3q8)
2023-12-02 21:25:44,352 [INFO] 127.0.0.1 - - [02/Dec/2023 21:25:44] "[35m[1mGET /users HTTP/1.1[0m" 500 -
2023-12-03 19:10:30,045 [INFO] [31m[1mWARNING: This is a development server. Do not use it in a production deployment. Use a production WSGI server instead.[0m
 * Running on http://127.0.0.1:5000
2023-12-03 19:10:30,046 [INFO] [33mPress CTRL+C to quit[0m
2023-12-04 21:00:12,532 [INFO] [31m[1mWARNING: This is a development server. Do not use it in a production deployment. Use a production WSGI server instead.[0m
 * Running on http://127.0.0.1:5000
2023-12-04 21:00:12,536 [INFO] [33mPress CTRL+C to quit[0m
2023-12-04 21:00:20,950 [INFO] 127.0.0.1 - - [04/Dec/2023 21:00:20] "[31m[1mGET /auth/status HTTP/1.1[0m" 401 -
2023-12-04 21:00:31,315 [ERROR] Exception on /users [GET]
Traceback (most recent call last):
  File "/home/tgs1003/miniconda3/lib/python3.11/site-packages/sqlalchemy/orm/clsregistry.py", line 515, in _resolve_name
    rval = d[token]
           ~^^^^^^^
  File "/home/tgs1003/miniconda3/lib/python3.11/site-packages/sqlalchemy/util/_collections.py", line 346, in __missing__
    self[key] = val = self.creator(key)
                      ^^^^^^^^^^^^^^^^^
  File "/home/tgs1003/miniconda3/lib/python3.11/site-packages/sqlalchemy/orm/clsregistry.py", line 483, in _access_cls
    return self.fallback[key]
           ~~~~~~~~~~~~~^^^^^
KeyError: 'ReviewUser'

The above exception was the direct cause of the following exception:

Traceback (most recent call last):
  File "/home/tgs1003/miniconda3/lib/python3.11/site-packages/flask/app.py", line 1484, in full_dispatch_request
    rv = self.dispatch_request()
         ^^^^^^^^^^^^^^^^^^^^^^^
  File "/home/tgs1003/miniconda3/lib/python3.11/site-packages/flask/app.py", line 1469, in dispatch_request
    return self.ensure_sync(self.view_functions[rule.endpoint])(**view_args)
           ^^^^^^^^^^^^^^^^^^^^^^^^^^^^^^^^^^^^^^^^^^^^^^^^^^^^^^^^^^^^^^^^^
  File "/home/tgs1003/miniconda3/lib/python3.11/site-packages/flask_restx/api.py", line 404, in wrapper
    resp = resource(*args, **kwargs)
           ^^^^^^^^^^^^^^^^^^^^^^^^^
  File "/home/tgs1003/miniconda3/lib/python3.11/site-packages/flask/views.py", line 109, in view
    return current_app.ensure_sync(self.dispatch_request)(**kwargs)
           ^^^^^^^^^^^^^^^^^^^^^^^^^^^^^^^^^^^^^^^^^^^^^^^^^^^^^^^^
  File "/home/tgs1003/miniconda3/lib/python3.11/site-packages/flask_restx/resource.py", line 46, in dispatch_request
    resp = meth(*args, **kwargs)
           ^^^^^^^^^^^^^^^^^^^^^
  File "/home/tgs1003/miniconda3/lib/python3.11/site-packages/flask_restx/marshalling.py", line 244, in wrapper
    resp = f(*args, **kwargs)
           ^^^^^^^^^^^^^^^^^^
  File "/home/tgs1003/Documents/GitHub/TFG_2023_2024/CÃ³digo/prompt_sentiment/backend/app/api/views/users.py", line 44, in get
    return get_all_users(), 200
           ^^^^^^^^^^^^^^^
  File "/home/tgs1003/Documents/GitHub/TFG_2023_2024/CÃ³digo/prompt_sentiment/backend/app/api/services/users.py", line 19, in get_all_users
    return User.query.all()
           ^^^^^^^^^^
  File "/home/tgs1003/miniconda3/lib/python3.11/site-packages/flask_sqlalchemy/model.py", line 22, in __get__
    return cls.query_class(
           ^^^^^^^^^^^^^^^^
  File "/home/tgs1003/miniconda3/lib/python3.11/site-packages/sqlalchemy/orm/query.py", line 274, in __init__
    self._set_entities(entities)
  File "/home/tgs1003/miniconda3/lib/python3.11/site-packages/sqlalchemy/orm/query.py", line 283, in _set_entities
    self._raw_columns = [
                        ^
  File "/home/tgs1003/miniconda3/lib/python3.11/site-packages/sqlalchemy/orm/query.py", line 284, in <listcomp>
    coercions.expect(
  File "/home/tgs1003/miniconda3/lib/python3.11/site-packages/sqlalchemy/sql/coercions.py", line 406, in expect
    insp._post_inspect
  File "/home/tgs1003/miniconda3/lib/python3.11/site-packages/sqlalchemy/util/langhelpers.py", line 1252, in __get__
    obj.__dict__[self.__name__] = result = self.fget(obj)
                                           ^^^^^^^^^^^^^^
  File "/home/tgs1003/miniconda3/lib/python3.11/site-packages/sqlalchemy/orm/mapper.py", line 2707, in _post_inspect
    self._check_configure()
  File "/home/tgs1003/miniconda3/lib/python3.11/site-packages/sqlalchemy/orm/mapper.py", line 2386, in _check_configure
    _configure_registries({self.registry}, cascade=True)
  File "/home/tgs1003/miniconda3/lib/python3.11/site-packages/sqlalchemy/orm/mapper.py", line 4199, in _configure_registries
    _do_configure_registries(registries, cascade)
  File "/home/tgs1003/miniconda3/lib/python3.11/site-packages/sqlalchemy/orm/mapper.py", line 4240, in _do_configure_registries
    mapper._post_configure_properties()
  File "/home/tgs1003/miniconda3/lib/python3.11/site-packages/sqlalchemy/orm/mapper.py", line 2403, in _post_configure_properties
    prop.init()
  File "/home/tgs1003/miniconda3/lib/python3.11/site-packages/sqlalchemy/orm/interfaces.py", line 579, in init
    self.do_init()
  File "/home/tgs1003/miniconda3/lib/python3.11/site-packages/sqlalchemy/orm/relationships.py", line 1634, in do_init
    self._setup_entity()
  File "/home/tgs1003/miniconda3/lib/python3.11/site-packages/sqlalchemy/orm/relationships.py", line 1851, in _setup_entity
    self._clsregistry_resolve_name(argument)(),
    ^^^^^^^^^^^^^^^^^^^^^^^^^^^^^^^^^^^^^^^^^^
  File "/home/tgs1003/miniconda3/lib/python3.11/site-packages/sqlalchemy/orm/clsregistry.py", line 519, in _resolve_name
    self._raise_for_name(name, err)
  File "/home/tgs1003/miniconda3/lib/python3.11/site-packages/sqlalchemy/orm/clsregistry.py", line 500, in _raise_for_name
    raise exc.InvalidRequestError(
sqlalchemy.exc.InvalidRequestError: When initializing mapper Mapper[Review(reviews)], expression 'ReviewUser' failed to locate a name ('ReviewUser'). If this is a class name, consider adding this relationship() to the <class 'app.api.models.reviews.Review'> class after both dependent classes have been defined.
2023-12-04 21:00:31,341 [INFO] 127.0.0.1 - - [04/Dec/2023 21:00:31] "[35m[1mGET /users HTTP/1.1[0m" 500 -
2023-12-04 21:02:58,127 [INFO] [31m[1mWARNING: This is a development server. Do not use it in a production deployment. Use a production WSGI server instead.[0m
 * Running on http://127.0.0.1:5000
2023-12-04 21:02:58,128 [INFO] [33mPress CTRL+C to quit[0m
2023-12-04 21:03:10,214 [ERROR] Exception on /users [GET]
Traceback (most recent call last):
  File "/home/tgs1003/miniconda3/lib/python3.11/site-packages/sqlalchemy/orm/clsregistry.py", line 515, in _resolve_name
    rval = d[token]
           ~^^^^^^^
  File "/home/tgs1003/miniconda3/lib/python3.11/site-packages/sqlalchemy/util/_collections.py", line 346, in __missing__
    self[key] = val = self.creator(key)
                      ^^^^^^^^^^^^^^^^^
  File "/home/tgs1003/miniconda3/lib/python3.11/site-packages/sqlalchemy/orm/clsregistry.py", line 483, in _access_cls
    return self.fallback[key]
           ~~~~~~~~~~~~~^^^^^
KeyError: 'ReviewUser'

The above exception was the direct cause of the following exception:

Traceback (most recent call last):
  File "/home/tgs1003/miniconda3/lib/python3.11/site-packages/flask/app.py", line 1484, in full_dispatch_request
    rv = self.dispatch_request()
         ^^^^^^^^^^^^^^^^^^^^^^^
  File "/home/tgs1003/miniconda3/lib/python3.11/site-packages/flask/app.py", line 1469, in dispatch_request
    return self.ensure_sync(self.view_functions[rule.endpoint])(**view_args)
           ^^^^^^^^^^^^^^^^^^^^^^^^^^^^^^^^^^^^^^^^^^^^^^^^^^^^^^^^^^^^^^^^^
  File "/home/tgs1003/miniconda3/lib/python3.11/site-packages/flask_restx/api.py", line 404, in wrapper
    resp = resource(*args, **kwargs)
           ^^^^^^^^^^^^^^^^^^^^^^^^^
  File "/home/tgs1003/miniconda3/lib/python3.11/site-packages/flask/views.py", line 109, in view
    return current_app.ensure_sync(self.dispatch_request)(**kwargs)
           ^^^^^^^^^^^^^^^^^^^^^^^^^^^^^^^^^^^^^^^^^^^^^^^^^^^^^^^^
  File "/home/tgs1003/miniconda3/lib/python3.11/site-packages/flask_restx/resource.py", line 46, in dispatch_request
    resp = meth(*args, **kwargs)
           ^^^^^^^^^^^^^^^^^^^^^
  File "/home/tgs1003/miniconda3/lib/python3.11/site-packages/flask_restx/marshalling.py", line 244, in wrapper
    resp = f(*args, **kwargs)
           ^^^^^^^^^^^^^^^^^^
  File "/home/tgs1003/Documents/GitHub/TFG_2023_2024/CÃ³digo/prompt_sentiment/backend/app/api/views/users.py", line 44, in get
    return get_all_users(), 200
           ^^^^^^^^^^^^^^^
  File "/home/tgs1003/Documents/GitHub/TFG_2023_2024/CÃ³digo/prompt_sentiment/backend/app/api/services/users.py", line 19, in get_all_users
    return User.query.all()
           ^^^^^^^^^^
  File "/home/tgs1003/miniconda3/lib/python3.11/site-packages/flask_sqlalchemy/model.py", line 22, in __get__
    return cls.query_class(
           ^^^^^^^^^^^^^^^^
  File "/home/tgs1003/miniconda3/lib/python3.11/site-packages/sqlalchemy/orm/query.py", line 274, in __init__
    self._set_entities(entities)
  File "/home/tgs1003/miniconda3/lib/python3.11/site-packages/sqlalchemy/orm/query.py", line 283, in _set_entities
    self._raw_columns = [
                        ^
  File "/home/tgs1003/miniconda3/lib/python3.11/site-packages/sqlalchemy/orm/query.py", line 284, in <listcomp>
    coercions.expect(
  File "/home/tgs1003/miniconda3/lib/python3.11/site-packages/sqlalchemy/sql/coercions.py", line 406, in expect
    insp._post_inspect
  File "/home/tgs1003/miniconda3/lib/python3.11/site-packages/sqlalchemy/util/langhelpers.py", line 1252, in __get__
    obj.__dict__[self.__name__] = result = self.fget(obj)
                                           ^^^^^^^^^^^^^^
  File "/home/tgs1003/miniconda3/lib/python3.11/site-packages/sqlalchemy/orm/mapper.py", line 2707, in _post_inspect
    self._check_configure()
  File "/home/tgs1003/miniconda3/lib/python3.11/site-packages/sqlalchemy/orm/mapper.py", line 2386, in _check_configure
    _configure_registries({self.registry}, cascade=True)
  File "/home/tgs1003/miniconda3/lib/python3.11/site-packages/sqlalchemy/orm/mapper.py", line 4199, in _configure_registries
    _do_configure_registries(registries, cascade)
  File "/home/tgs1003/miniconda3/lib/python3.11/site-packages/sqlalchemy/orm/mapper.py", line 4240, in _do_configure_registries
    mapper._post_configure_properties()
  File "/home/tgs1003/miniconda3/lib/python3.11/site-packages/sqlalchemy/orm/mapper.py", line 2403, in _post_configure_properties
    prop.init()
  File "/home/tgs1003/miniconda3/lib/python3.11/site-packages/sqlalchemy/orm/interfaces.py", line 579, in init
    self.do_init()
  File "/home/tgs1003/miniconda3/lib/python3.11/site-packages/sqlalchemy/orm/relationships.py", line 1634, in do_init
    self._setup_entity()
  File "/home/tgs1003/miniconda3/lib/python3.11/site-packages/sqlalchemy/orm/relationships.py", line 1851, in _setup_entity
    self._clsregistry_resolve_name(argument)(),
    ^^^^^^^^^^^^^^^^^^^^^^^^^^^^^^^^^^^^^^^^^^
  File "/home/tgs1003/miniconda3/lib/python3.11/site-packages/sqlalchemy/orm/clsregistry.py", line 519, in _resolve_name
    self._raise_for_name(name, err)
  File "/home/tgs1003/miniconda3/lib/python3.11/site-packages/sqlalchemy/orm/clsregistry.py", line 500, in _raise_for_name
    raise exc.InvalidRequestError(
sqlalchemy.exc.InvalidRequestError: When initializing mapper Mapper[Review(reviews)], expression 'ReviewUser' failed to locate a name ('ReviewUser'). If this is a class name, consider adding this relationship() to the <class 'app.api.models.reviews.Review'> class after both dependent classes have been defined.
2023-12-04 21:03:10,224 [INFO] 127.0.0.1 - - [04/Dec/2023 21:03:10] "[35m[1mGET /users HTTP/1.1[0m" 500 -
2023-12-04 21:06:45,777 [ERROR] Exception on /users [GET]
Traceback (most recent call last):
  File "/home/tgs1003/miniconda3/lib/python3.11/site-packages/flask/app.py", line 1484, in full_dispatch_request
    rv = self.dispatch_request()
         ^^^^^^^^^^^^^^^^^^^^^^^
  File "/home/tgs1003/miniconda3/lib/python3.11/site-packages/flask/app.py", line 1469, in dispatch_request
    return self.ensure_sync(self.view_functions[rule.endpoint])(**view_args)
           ^^^^^^^^^^^^^^^^^^^^^^^^^^^^^^^^^^^^^^^^^^^^^^^^^^^^^^^^^^^^^^^^^
  File "/home/tgs1003/miniconda3/lib/python3.11/site-packages/flask_restx/api.py", line 404, in wrapper
    resp = resource(*args, **kwargs)
           ^^^^^^^^^^^^^^^^^^^^^^^^^
  File "/home/tgs1003/miniconda3/lib/python3.11/site-packages/flask/views.py", line 109, in view
    return current_app.ensure_sync(self.dispatch_request)(**kwargs)
           ^^^^^^^^^^^^^^^^^^^^^^^^^^^^^^^^^^^^^^^^^^^^^^^^^^^^^^^^
  File "/home/tgs1003/miniconda3/lib/python3.11/site-packages/flask_restx/resource.py", line 46, in dispatch_request
    resp = meth(*args, **kwargs)
           ^^^^^^^^^^^^^^^^^^^^^
  File "/home/tgs1003/miniconda3/lib/python3.11/site-packages/flask_restx/marshalling.py", line 244, in wrapper
    resp = f(*args, **kwargs)
           ^^^^^^^^^^^^^^^^^^
  File "/home/tgs1003/Documents/GitHub/TFG_2023_2024/CÃ³digo/prompt_sentiment/backend/app/api/views/users.py", line 44, in get
    return get_all_users(), 200
           ^^^^^^^^^^^^^^^
  File "/home/tgs1003/Documents/GitHub/TFG_2023_2024/CÃ³digo/prompt_sentiment/backend/app/api/services/users.py", line 19, in get_all_users
    return User.query.all()
           ^^^^^^^^^^
  File "/home/tgs1003/miniconda3/lib/python3.11/site-packages/flask_sqlalchemy/model.py", line 22, in __get__
    return cls.query_class(
           ^^^^^^^^^^^^^^^^
  File "/home/tgs1003/miniconda3/lib/python3.11/site-packages/sqlalchemy/orm/query.py", line 274, in __init__
    self._set_entities(entities)
  File "/home/tgs1003/miniconda3/lib/python3.11/site-packages/sqlalchemy/orm/query.py", line 283, in _set_entities
    self._raw_columns = [
                        ^
  File "/home/tgs1003/miniconda3/lib/python3.11/site-packages/sqlalchemy/orm/query.py", line 284, in <listcomp>
    coercions.expect(
  File "/home/tgs1003/miniconda3/lib/python3.11/site-packages/sqlalchemy/sql/coercions.py", line 406, in expect
    insp._post_inspect
  File "/home/tgs1003/miniconda3/lib/python3.11/site-packages/sqlalchemy/util/langhelpers.py", line 1252, in __get__
    obj.__dict__[self.__name__] = result = self.fget(obj)
                                           ^^^^^^^^^^^^^^
  File "/home/tgs1003/miniconda3/lib/python3.11/site-packages/sqlalchemy/orm/mapper.py", line 2707, in _post_inspect
    self._check_configure()
  File "/home/tgs1003/miniconda3/lib/python3.11/site-packages/sqlalchemy/orm/mapper.py", line 2386, in _check_configure
    _configure_registries({self.registry}, cascade=True)
  File "/home/tgs1003/miniconda3/lib/python3.11/site-packages/sqlalchemy/orm/mapper.py", line 4199, in _configure_registries
    _do_configure_registries(registries, cascade)
  File "/home/tgs1003/miniconda3/lib/python3.11/site-packages/sqlalchemy/orm/mapper.py", line 4236, in _do_configure_registries
    raise e
sqlalchemy.exc.InvalidRequestError: One or more mappers failed to initialize - can't proceed with initialization of other mappers. Triggering mapper: 'Mapper[Review(reviews)]'. Original exception was: When initializing mapper Mapper[Review(reviews)], expression 'ReviewUser' failed to locate a name ('ReviewUser'). If this is a class name, consider adding this relationship() to the <class 'app.api.models.reviews.Review'> class after both dependent classes have been defined.
2023-12-04 21:06:45,780 [INFO] 127.0.0.1 - - [04/Dec/2023 21:06:45] "[35m[1mGET /users HTTP/1.1[0m" 500 -
2023-12-04 21:07:25,349 [ERROR] Exception on /users [GET]
Traceback (most recent call last):
  File "/home/tgs1003/miniconda3/lib/python3.11/site-packages/flask/app.py", line 1484, in full_dispatch_request
    rv = self.dispatch_request()
         ^^^^^^^^^^^^^^^^^^^^^^^
  File "/home/tgs1003/miniconda3/lib/python3.11/site-packages/flask/app.py", line 1469, in dispatch_request
    return self.ensure_sync(self.view_functions[rule.endpoint])(**view_args)
           ^^^^^^^^^^^^^^^^^^^^^^^^^^^^^^^^^^^^^^^^^^^^^^^^^^^^^^^^^^^^^^^^^
  File "/home/tgs1003/miniconda3/lib/python3.11/site-packages/flask_restx/api.py", line 404, in wrapper
    resp = resource(*args, **kwargs)
           ^^^^^^^^^^^^^^^^^^^^^^^^^
  File "/home/tgs1003/miniconda3/lib/python3.11/site-packages/flask/views.py", line 109, in view
    return current_app.ensure_sync(self.dispatch_request)(**kwargs)
           ^^^^^^^^^^^^^^^^^^^^^^^^^^^^^^^^^^^^^^^^^^^^^^^^^^^^^^^^
  File "/home/tgs1003/miniconda3/lib/python3.11/site-packages/flask_restx/resource.py", line 46, in dispatch_request
    resp = meth(*args, **kwargs)
           ^^^^^^^^^^^^^^^^^^^^^
  File "/home/tgs1003/miniconda3/lib/python3.11/site-packages/flask_restx/marshalling.py", line 244, in wrapper
    resp = f(*args, **kwargs)
           ^^^^^^^^^^^^^^^^^^
  File "/home/tgs1003/Documents/GitHub/TFG_2023_2024/CÃ³digo/prompt_sentiment/backend/app/api/views/users.py", line 44, in get
    return get_all_users(), 200
           ^^^^^^^^^^^^^^^
  File "/home/tgs1003/Documents/GitHub/TFG_2023_2024/CÃ³digo/prompt_sentiment/backend/app/api/services/users.py", line 19, in get_all_users
    return User.query.all()
           ^^^^^^^^^^
  File "/home/tgs1003/miniconda3/lib/python3.11/site-packages/flask_sqlalchemy/model.py", line 22, in __get__
    return cls.query_class(
           ^^^^^^^^^^^^^^^^
  File "/home/tgs1003/miniconda3/lib/python3.11/site-packages/sqlalchemy/orm/query.py", line 274, in __init__
    self._set_entities(entities)
  File "/home/tgs1003/miniconda3/lib/python3.11/site-packages/sqlalchemy/orm/query.py", line 283, in _set_entities
    self._raw_columns = [
                        ^
  File "/home/tgs1003/miniconda3/lib/python3.11/site-packages/sqlalchemy/orm/query.py", line 284, in <listcomp>
    coercions.expect(
  File "/home/tgs1003/miniconda3/lib/python3.11/site-packages/sqlalchemy/sql/coercions.py", line 406, in expect
    insp._post_inspect
  File "/home/tgs1003/miniconda3/lib/python3.11/site-packages/sqlalchemy/util/langhelpers.py", line 1252, in __get__
    obj.__dict__[self.__name__] = result = self.fget(obj)
                                           ^^^^^^^^^^^^^^
  File "/home/tgs1003/miniconda3/lib/python3.11/site-packages/sqlalchemy/orm/mapper.py", line 2707, in _post_inspect
    self._check_configure()
  File "/home/tgs1003/miniconda3/lib/python3.11/site-packages/sqlalchemy/orm/mapper.py", line 2386, in _check_configure
    _configure_registries({self.registry}, cascade=True)
  File "/home/tgs1003/miniconda3/lib/python3.11/site-packages/sqlalchemy/orm/mapper.py", line 4199, in _configure_registries
    _do_configure_registries(registries, cascade)
  File "/home/tgs1003/miniconda3/lib/python3.11/site-packages/sqlalchemy/orm/mapper.py", line 4236, in _do_configure_registries
    raise e
sqlalchemy.exc.InvalidRequestError: One or more mappers failed to initialize - can't proceed with initialization of other mappers. Triggering mapper: 'Mapper[Review(reviews)]'. Original exception was: When initializing mapper Mapper[Review(reviews)], expression 'ReviewUser' failed to locate a name ('ReviewUser'). If this is a class name, consider adding this relationship() to the <class 'app.api.models.reviews.Review'> class after both dependent classes have been defined.
2023-12-04 21:07:25,352 [INFO] 127.0.0.1 - - [04/Dec/2023 21:07:25] "[35m[1mGET /users HTTP/1.1[0m" 500 -
2023-12-04 21:12:12,785 [INFO] [31m[1mWARNING: This is a development server. Do not use it in a production deployment. Use a production WSGI server instead.[0m
 * Running on http://127.0.0.1:5000
2023-12-04 21:12:12,785 [INFO] [33mPress CTRL+C to quit[0m
2023-12-04 21:12:19,736 [ERROR] Exception on /users [GET]
Traceback (most recent call last):
  File "/home/tgs1003/miniconda3/lib/python3.11/site-packages/sqlalchemy/orm/clsregistry.py", line 515, in _resolve_name
    rval = d[token]
           ~^^^^^^^
  File "/home/tgs1003/miniconda3/lib/python3.11/site-packages/sqlalchemy/util/_collections.py", line 346, in __missing__
    self[key] = val = self.creator(key)
                      ^^^^^^^^^^^^^^^^^
  File "/home/tgs1003/miniconda3/lib/python3.11/site-packages/sqlalchemy/orm/clsregistry.py", line 483, in _access_cls
    return self.fallback[key]
           ~~~~~~~~~~~~~^^^^^
KeyError: 'ReviewUser'

The above exception was the direct cause of the following exception:

Traceback (most recent call last):
  File "/home/tgs1003/miniconda3/lib/python3.11/site-packages/flask/app.py", line 1484, in full_dispatch_request
    rv = self.dispatch_request()
         ^^^^^^^^^^^^^^^^^^^^^^^
  File "/home/tgs1003/miniconda3/lib/python3.11/site-packages/flask/app.py", line 1469, in dispatch_request
    return self.ensure_sync(self.view_functions[rule.endpoint])(**view_args)
           ^^^^^^^^^^^^^^^^^^^^^^^^^^^^^^^^^^^^^^^^^^^^^^^^^^^^^^^^^^^^^^^^^
  File "/home/tgs1003/miniconda3/lib/python3.11/site-packages/flask_restx/api.py", line 404, in wrapper
    resp = resource(*args, **kwargs)
           ^^^^^^^^^^^^^^^^^^^^^^^^^
  File "/home/tgs1003/miniconda3/lib/python3.11/site-packages/flask/views.py", line 109, in view
    return current_app.ensure_sync(self.dispatch_request)(**kwargs)
           ^^^^^^^^^^^^^^^^^^^^^^^^^^^^^^^^^^^^^^^^^^^^^^^^^^^^^^^^
  File "/home/tgs1003/miniconda3/lib/python3.11/site-packages/flask_restx/resource.py", line 46, in dispatch_request
    resp = meth(*args, **kwargs)
           ^^^^^^^^^^^^^^^^^^^^^
  File "/home/tgs1003/miniconda3/lib/python3.11/site-packages/flask_restx/marshalling.py", line 244, in wrapper
    resp = f(*args, **kwargs)
           ^^^^^^^^^^^^^^^^^^
  File "/home/tgs1003/Documents/GitHub/TFG_2023_2024/CÃ³digo/prompt_sentiment/backend/app/api/views/users.py", line 44, in get
    return get_all_users(), 200
           ^^^^^^^^^^^^^^^
  File "/home/tgs1003/Documents/GitHub/TFG_2023_2024/CÃ³digo/prompt_sentiment/backend/app/api/services/users.py", line 19, in get_all_users
    return User.query.all()
           ^^^^^^^^^^
  File "/home/tgs1003/miniconda3/lib/python3.11/site-packages/flask_sqlalchemy/model.py", line 22, in __get__
    return cls.query_class(
           ^^^^^^^^^^^^^^^^
  File "/home/tgs1003/miniconda3/lib/python3.11/site-packages/sqlalchemy/orm/query.py", line 274, in __init__
    self._set_entities(entities)
  File "/home/tgs1003/miniconda3/lib/python3.11/site-packages/sqlalchemy/orm/query.py", line 283, in _set_entities
    self._raw_columns = [
                        ^
  File "/home/tgs1003/miniconda3/lib/python3.11/site-packages/sqlalchemy/orm/query.py", line 284, in <listcomp>
    coercions.expect(
  File "/home/tgs1003/miniconda3/lib/python3.11/site-packages/sqlalchemy/sql/coercions.py", line 406, in expect
    insp._post_inspect
  File "/home/tgs1003/miniconda3/lib/python3.11/site-packages/sqlalchemy/util/langhelpers.py", line 1252, in __get__
    obj.__dict__[self.__name__] = result = self.fget(obj)
                                           ^^^^^^^^^^^^^^
  File "/home/tgs1003/miniconda3/lib/python3.11/site-packages/sqlalchemy/orm/mapper.py", line 2707, in _post_inspect
    self._check_configure()
  File "/home/tgs1003/miniconda3/lib/python3.11/site-packages/sqlalchemy/orm/mapper.py", line 2386, in _check_configure
    _configure_registries({self.registry}, cascade=True)
  File "/home/tgs1003/miniconda3/lib/python3.11/site-packages/sqlalchemy/orm/mapper.py", line 4199, in _configure_registries
    _do_configure_registries(registries, cascade)
  File "/home/tgs1003/miniconda3/lib/python3.11/site-packages/sqlalchemy/orm/mapper.py", line 4240, in _do_configure_registries
    mapper._post_configure_properties()
  File "/home/tgs1003/miniconda3/lib/python3.11/site-packages/sqlalchemy/orm/mapper.py", line 2403, in _post_configure_properties
    prop.init()
  File "/home/tgs1003/miniconda3/lib/python3.11/site-packages/sqlalchemy/orm/interfaces.py", line 579, in init
    self.do_init()
  File "/home/tgs1003/miniconda3/lib/python3.11/site-packages/sqlalchemy/orm/relationships.py", line 1634, in do_init
    self._setup_entity()
  File "/home/tgs1003/miniconda3/lib/python3.11/site-packages/sqlalchemy/orm/relationships.py", line 1851, in _setup_entity
    self._clsregistry_resolve_name(argument)(),
    ^^^^^^^^^^^^^^^^^^^^^^^^^^^^^^^^^^^^^^^^^^
  File "/home/tgs1003/miniconda3/lib/python3.11/site-packages/sqlalchemy/orm/clsregistry.py", line 519, in _resolve_name
    self._raise_for_name(name, err)
  File "/home/tgs1003/miniconda3/lib/python3.11/site-packages/sqlalchemy/orm/clsregistry.py", line 500, in _raise_for_name
    raise exc.InvalidRequestError(
sqlalchemy.exc.InvalidRequestError: When initializing mapper Mapper[Review(reviews)], expression 'ReviewUser' failed to locate a name ('ReviewUser'). If this is a class name, consider adding this relationship() to the <class 'app.api.models.reviews.Review'> class after both dependent classes have been defined.
2023-12-04 21:12:19,742 [INFO] 127.0.0.1 - - [04/Dec/2023 21:12:19] "[35m[1mGET /users HTTP/1.1[0m" 500 -
2023-12-04 21:16:17,455 [INFO] [31m[1mWARNING: This is a development server. Do not use it in a production deployment. Use a production WSGI server instead.[0m
 * Running on http://127.0.0.1:5000
2023-12-04 21:16:17,455 [INFO] [33mPress CTRL+C to quit[0m
2023-12-04 21:16:24,282 [ERROR] Exception on /users [GET]
Traceback (most recent call last):
  File "/home/tgs1003/miniconda3/lib/python3.11/site-packages/sqlalchemy/orm/clsregistry.py", line 515, in _resolve_name
    rval = d[token]
           ~^^^^^^^
  File "/home/tgs1003/miniconda3/lib/python3.11/site-packages/sqlalchemy/util/_collections.py", line 346, in __missing__
    self[key] = val = self.creator(key)
                      ^^^^^^^^^^^^^^^^^
  File "/home/tgs1003/miniconda3/lib/python3.11/site-packages/sqlalchemy/orm/clsregistry.py", line 483, in _access_cls
    return self.fallback[key]
           ~~~~~~~~~~~~~^^^^^
KeyError: 'Product'

The above exception was the direct cause of the following exception:

Traceback (most recent call last):
  File "/home/tgs1003/miniconda3/lib/python3.11/site-packages/flask/app.py", line 1484, in full_dispatch_request
    rv = self.dispatch_request()
         ^^^^^^^^^^^^^^^^^^^^^^^
  File "/home/tgs1003/miniconda3/lib/python3.11/site-packages/flask/app.py", line 1469, in dispatch_request
    return self.ensure_sync(self.view_functions[rule.endpoint])(**view_args)
           ^^^^^^^^^^^^^^^^^^^^^^^^^^^^^^^^^^^^^^^^^^^^^^^^^^^^^^^^^^^^^^^^^
  File "/home/tgs1003/miniconda3/lib/python3.11/site-packages/flask_restx/api.py", line 404, in wrapper
    resp = resource(*args, **kwargs)
           ^^^^^^^^^^^^^^^^^^^^^^^^^
  File "/home/tgs1003/miniconda3/lib/python3.11/site-packages/flask/views.py", line 109, in view
    return current_app.ensure_sync(self.dispatch_request)(**kwargs)
           ^^^^^^^^^^^^^^^^^^^^^^^^^^^^^^^^^^^^^^^^^^^^^^^^^^^^^^^^
  File "/home/tgs1003/miniconda3/lib/python3.11/site-packages/flask_restx/resource.py", line 46, in dispatch_request
    resp = meth(*args, **kwargs)
           ^^^^^^^^^^^^^^^^^^^^^
  File "/home/tgs1003/miniconda3/lib/python3.11/site-packages/flask_restx/marshalling.py", line 244, in wrapper
    resp = f(*args, **kwargs)
           ^^^^^^^^^^^^^^^^^^
  File "/home/tgs1003/Documents/GitHub/TFG_2023_2024/CÃ³digo/prompt_sentiment/backend/app/api/views/users.py", line 44, in get
    return get_all_users(), 200
           ^^^^^^^^^^^^^^^
  File "/home/tgs1003/Documents/GitHub/TFG_2023_2024/CÃ³digo/prompt_sentiment/backend/app/api/services/users.py", line 19, in get_all_users
    return User.query.all()
           ^^^^^^^^^^
  File "/home/tgs1003/miniconda3/lib/python3.11/site-packages/flask_sqlalchemy/model.py", line 22, in __get__
    return cls.query_class(
           ^^^^^^^^^^^^^^^^
  File "/home/tgs1003/miniconda3/lib/python3.11/site-packages/sqlalchemy/orm/query.py", line 274, in __init__
    self._set_entities(entities)
  File "/home/tgs1003/miniconda3/lib/python3.11/site-packages/sqlalchemy/orm/query.py", line 283, in _set_entities
    self._raw_columns = [
                        ^
  File "/home/tgs1003/miniconda3/lib/python3.11/site-packages/sqlalchemy/orm/query.py", line 284, in <listcomp>
    coercions.expect(
  File "/home/tgs1003/miniconda3/lib/python3.11/site-packages/sqlalchemy/sql/coercions.py", line 406, in expect
    insp._post_inspect
  File "/home/tgs1003/miniconda3/lib/python3.11/site-packages/sqlalchemy/util/langhelpers.py", line 1252, in __get__
    obj.__dict__[self.__name__] = result = self.fget(obj)
                                           ^^^^^^^^^^^^^^
  File "/home/tgs1003/miniconda3/lib/python3.11/site-packages/sqlalchemy/orm/mapper.py", line 2707, in _post_inspect
    self._check_configure()
  File "/home/tgs1003/miniconda3/lib/python3.11/site-packages/sqlalchemy/orm/mapper.py", line 2386, in _check_configure
    _configure_registries({self.registry}, cascade=True)
  File "/home/tgs1003/miniconda3/lib/python3.11/site-packages/sqlalchemy/orm/mapper.py", line 4199, in _configure_registries
    _do_configure_registries(registries, cascade)
  File "/home/tgs1003/miniconda3/lib/python3.11/site-packages/sqlalchemy/orm/mapper.py", line 4240, in _do_configure_registries
    mapper._post_configure_properties()
  File "/home/tgs1003/miniconda3/lib/python3.11/site-packages/sqlalchemy/orm/mapper.py", line 2403, in _post_configure_properties
    prop.init()
  File "/home/tgs1003/miniconda3/lib/python3.11/site-packages/sqlalchemy/orm/interfaces.py", line 579, in init
    self.do_init()
  File "/home/tgs1003/miniconda3/lib/python3.11/site-packages/sqlalchemy/orm/relationships.py", line 1634, in do_init
    self._setup_entity()
  File "/home/tgs1003/miniconda3/lib/python3.11/site-packages/sqlalchemy/orm/relationships.py", line 1851, in _setup_entity
    self._clsregistry_resolve_name(argument)(),
    ^^^^^^^^^^^^^^^^^^^^^^^^^^^^^^^^^^^^^^^^^^
  File "/home/tgs1003/miniconda3/lib/python3.11/site-packages/sqlalchemy/orm/clsregistry.py", line 519, in _resolve_name
    self._raise_for_name(name, err)
  File "/home/tgs1003/miniconda3/lib/python3.11/site-packages/sqlalchemy/orm/clsregistry.py", line 500, in _raise_for_name
    raise exc.InvalidRequestError(
sqlalchemy.exc.InvalidRequestError: When initializing mapper Mapper[Review(reviews)], expression 'Product' failed to locate a name ('Product'). If this is a class name, consider adding this relationship() to the <class 'app.api.models.reviews.Review'> class after both dependent classes have been defined.
2023-12-04 21:16:24,287 [INFO] 127.0.0.1 - - [04/Dec/2023 21:16:24] "[35m[1mGET /users HTTP/1.1[0m" 500 -
2023-12-04 21:17:34,388 [INFO] [31m[1mWARNING: This is a development server. Do not use it in a production deployment. Use a production WSGI server instead.[0m
 * Running on http://127.0.0.1:5000
2023-12-04 21:17:34,389 [INFO] [33mPress CTRL+C to quit[0m
2023-12-04 21:17:37,829 [INFO] 127.0.0.1 - - [04/Dec/2023 21:17:37] "GET /users HTTP/1.1" 200 -
2023-12-04 21:18:20,600 [INFO] 127.0.0.1 - - [04/Dec/2023 21:18:20] "POST /auth/login HTTP/1.1" 200 -
2023-12-04 21:18:39,393 [INFO] 127.0.0.1 - - [04/Dec/2023 21:18:39] "GET /auth/status HTTP/1.1" 200 -
2023-12-06 13:33:32,077 [INFO] [31m[1mWARNING: This is a development server. Do not use it in a production deployment. Use a production WSGI server instead.[0m
 * Running on http://127.0.0.1:5000
2023-12-06 13:33:32,081 [INFO] [33mPress CTRL+C to quit[0m
2023-12-06 18:58:04,606 [INFO] [31m[1mWARNING: This is a development server. Do not use it in a production deployment. Use a production WSGI server instead.[0m
 * Running on http://127.0.0.1:5000
2023-12-06 18:58:04,606 [INFO] [33mPress CTRL+C to quit[0m
2023-12-06 19:05:37,734 [INFO] 127.0.0.1 - - [06/Dec/2023 19:05:37] "OPTIONS /auth/login HTTP/1.1" 200 -
2023-12-06 19:05:38,004 [ERROR] Exception on /auth/login [POST]
Traceback (most recent call last):
  File "/home/tgs1003/miniconda3/lib/python3.11/site-packages/sqlalchemy/engine/base.py", line 1965, in _exec_single_context
    self.dialect.do_execute(
  File "/home/tgs1003/miniconda3/lib/python3.11/site-packages/sqlalchemy/engine/default.py", line 921, in do_execute
    cursor.execute(statement, parameters)
psycopg2.errors.UndefinedTable: relation "user" does not exist
LINE 2: FROM "user" 
             ^


The above exception was the direct cause of the following exception:

Traceback (most recent call last):
  File "/home/tgs1003/miniconda3/lib/python3.11/site-packages/flask/app.py", line 1484, in full_dispatch_request
    rv = self.dispatch_request()
         ^^^^^^^^^^^^^^^^^^^^^^^
  File "/home/tgs1003/miniconda3/lib/python3.11/site-packages/flask/app.py", line 1469, in dispatch_request
    return self.ensure_sync(self.view_functions[rule.endpoint])(**view_args)
           ^^^^^^^^^^^^^^^^^^^^^^^^^^^^^^^^^^^^^^^^^^^^^^^^^^^^^^^^^^^^^^^^^
  File "/home/tgs1003/miniconda3/lib/python3.11/site-packages/flask_restx/api.py", line 404, in wrapper
    resp = resource(*args, **kwargs)
           ^^^^^^^^^^^^^^^^^^^^^^^^^
  File "/home/tgs1003/miniconda3/lib/python3.11/site-packages/flask/views.py", line 109, in view
    return current_app.ensure_sync(self.dispatch_request)(**kwargs)
           ^^^^^^^^^^^^^^^^^^^^^^^^^^^^^^^^^^^^^^^^^^^^^^^^^^^^^^^^
  File "/home/tgs1003/miniconda3/lib/python3.11/site-packages/flask_restx/resource.py", line 46, in dispatch_request
    resp = meth(*args, **kwargs)
           ^^^^^^^^^^^^^^^^^^^^^
  File "/home/tgs1003/miniconda3/lib/python3.11/site-packages/flask_restx/marshalling.py", line 244, in wrapper
    resp = f(*args, **kwargs)
           ^^^^^^^^^^^^^^^^^^
  File "/home/tgs1003/Documents/GitHub/TFG_2023_2024/CÃ³digo/prompt_sentiment/backend/app/api/auth.py", line 73, in post
    user = get_user_by_email(email)
           ^^^^^^^^^^^^^^^^^^^^^^^^
  File "/home/tgs1003/Documents/GitHub/TFG_2023_2024/CÃ³digo/prompt_sentiment/backend/app/api/services/users.py", line 31, in get_user_by_email
    return User.query.filter_by(email = email).first()
           ^^^^^^^^^^^^^^^^^^^^^^^^^^^^^^^^^^^^^^^^^^^
  File "/home/tgs1003/miniconda3/lib/python3.11/site-packages/sqlalchemy/orm/query.py", line 2743, in first
    return self.limit(1)._iter().first()  # type: ignore
           ^^^^^^^^^^^^^^^^^^^^^
  File "/home/tgs1003/miniconda3/lib/python3.11/site-packages/sqlalchemy/orm/query.py", line 2842, in _iter
    result: Union[ScalarResult[_T], Result[_T]] = self.session.execute(
                                                  ^^^^^^^^^^^^^^^^^^^^^
  File "/home/tgs1003/miniconda3/lib/python3.11/site-packages/sqlalchemy/orm/session.py", line 2262, in execute
    return self._execute_internal(
           ^^^^^^^^^^^^^^^^^^^^^^^
  File "/home/tgs1003/miniconda3/lib/python3.11/site-packages/sqlalchemy/orm/session.py", line 2144, in _execute_internal
    result: Result[Any] = compile_state_cls.orm_execute_statement(
                          ^^^^^^^^^^^^^^^^^^^^^^^^^^^^^^^^^^^^^^^^
  File "/home/tgs1003/miniconda3/lib/python3.11/site-packages/sqlalchemy/orm/context.py", line 293, in orm_execute_statement
    result = conn.execute(
             ^^^^^^^^^^^^^
  File "/home/tgs1003/miniconda3/lib/python3.11/site-packages/sqlalchemy/engine/base.py", line 1412, in execute
    return meth(
           ^^^^^
  File "/home/tgs1003/miniconda3/lib/python3.11/site-packages/sqlalchemy/sql/elements.py", line 516, in _execute_on_connection
    return connection._execute_clauseelement(
           ^^^^^^^^^^^^^^^^^^^^^^^^^^^^^^^^^^
  File "/home/tgs1003/miniconda3/lib/python3.11/site-packages/sqlalchemy/engine/base.py", line 1635, in _execute_clauseelement
    ret = self._execute_context(
          ^^^^^^^^^^^^^^^^^^^^^^
  File "/home/tgs1003/miniconda3/lib/python3.11/site-packages/sqlalchemy/engine/base.py", line 1844, in _execute_context
    return self._exec_single_context(
           ^^^^^^^^^^^^^^^^^^^^^^^^^^
  File "/home/tgs1003/miniconda3/lib/python3.11/site-packages/sqlalchemy/engine/base.py", line 1984, in _exec_single_context
    self._handle_dbapi_exception(
  File "/home/tgs1003/miniconda3/lib/python3.11/site-packages/sqlalchemy/engine/base.py", line 2339, in _handle_dbapi_exception
    raise sqlalchemy_exception.with_traceback(exc_info[2]) from e
  File "/home/tgs1003/miniconda3/lib/python3.11/site-packages/sqlalchemy/engine/base.py", line 1965, in _exec_single_context
    self.dialect.do_execute(
  File "/home/tgs1003/miniconda3/lib/python3.11/site-packages/sqlalchemy/engine/default.py", line 921, in do_execute
    cursor.execute(statement, parameters)
sqlalchemy.exc.ProgrammingError: (psycopg2.errors.UndefinedTable) relation "user" does not exist
LINE 2: FROM "user" 
             ^

[SQL: SELECT "user".id AS user_id, "user".email AS user_email, "user".password AS user_password, "user".name AS user_name, "user".rol AS user_rol, "user".date AS user_date 
FROM "user" 
WHERE "user".email = %(email_1)s 
 LIMIT %(param_1)s]
[parameters: {'email_1': 'admin', 'param_1': 1}]
(Background on this error at: https://sqlalche.me/e/20/f405)
2023-12-06 19:05:38,145 [INFO] 127.0.0.1 - - [06/Dec/2023 19:05:38] "[35m[1mPOST /auth/login HTTP/1.1[0m" 500 -
2023-12-06 19:14:38,520 [INFO] [31m[1mWARNING: This is a development server. Do not use it in a production deployment. Use a production WSGI server instead.[0m
 * Running on http://127.0.0.1:5000
2023-12-06 19:14:38,520 [INFO] [33mPress CTRL+C to quit[0m
2023-12-06 19:14:42,750 [INFO] 127.0.0.1 - - [06/Dec/2023 19:14:42] "OPTIONS /auth/login HTTP/1.1" 200 -
2023-12-06 19:14:43,337 [INFO] 127.0.0.1 - - [06/Dec/2023 19:14:43] "POST /auth/login HTTP/1.1" 200 -
2023-12-06 19:15:24,974 [INFO] 127.0.0.1 - - [06/Dec/2023 19:15:24] "OPTIONS /auth/status HTTP/1.1" 200 -
2023-12-06 19:15:24,990 [INFO] 127.0.0.1 - - [06/Dec/2023 19:15:24] "GET /auth/status HTTP/1.1" 200 -
2023-12-06 19:15:34,650 [INFO] 127.0.0.1 - - [06/Dec/2023 19:15:34] "OPTIONS /auth/status HTTP/1.1" 200 -
2023-12-06 19:15:34,680 [INFO] 127.0.0.1 - - [06/Dec/2023 19:15:34] "GET /auth/status HTTP/1.1" 200 -
